Added Pin To Net: NetName=3V3 Pin=Arduino1-3V3
Added Pin To Net: NetName=3V3 Pin=C13-1
Added Net: Name=3V3
Added Pin To Net: NetName=5V Pin=Arduino1-5V
Added Pin To Net: NetName=5V Pin=C5-1
Added Pin To Net: NetName=5V Pin=C6-1
Added Pin To Net: NetName=5V Pin=C7-1
Added Pin To Net: NetName=5V Pin=C12-1
Added Net: Name=5V
Added Pin To Net: NetName=A0 Pin=Arduino1-A0
Added Pin To Net: NetName=A0 Pin=C8-3
Added Net: Name=A0
Added Pin To Net: NetName=A1 Pin=Arduino1-A1
Added Pin To Net: NetName=A1 Pin=C9-3
Added Net: Name=A1
Added Pin To Net: NetName=A2 Pin=Arduino1-A2
Added Pin To Net: NetName=A2 Pin=C10-3
Added Net: Name=A2
Added Pin To Net: NetName=A3 Pin=Arduino1-A3
Added Pin To Net: NetName=A3 Pin=C11-3
Added Net: Name=A3
Added Pin To Net: NetName=A4 Pin=Arduino1-A4
Added Pin To Net: NetName=A4 Pin=C6-4
Added Net: Name=A4
Added Pin To Net: NetName=A5 Pin=Arduino1-A5
Added Pin To Net: NetName=A5 Pin=C2-3
Added Net: Name=A5
Added Pin To Net: NetName=A6 Pin=Arduino1-A6
Added Pin To Net: NetName=A6 Pin=C3-3
Added Net: Name=A6
Added Pin To Net: NetName=A7 Pin=Arduino1-A7
Added Pin To Net: NetName=A7 Pin=C4-3
Added Net: Name=A7
Added Pin To Net: NetName=D2 Pin=Arduino1-D2
Added Pin To Net: NetName=D2 Pin=C12-2
Added Net: Name=D2
Added Pin To Net: NetName=D3 Pin=Arduino1-D3
Added Pin To Net: NetName=D3 Pin=C12-3
Added Net: Name=D3
Added Pin To Net: NetName=D4 Pin=Arduino1-D4
Added Pin To Net: NetName=D4 Pin=C5-3
Added Net: Name=D4
Added Pin To Net: NetName=D5 Pin=Arduino1-D5
Added Pin To Net: NetName=D5 Pin=C7-2
Added Net: Name=D5
Added Pin To Net: NetName=D6 Pin=Arduino1-D6
Added Pin To Net: NetName=D6 Pin=C7-3
Added Net: Name=D6
Added Pin To Net: NetName=D7 Pin=Arduino1-D7
Added Pin To Net: NetName=D7 Pin=C1-3
Added Net: Name=D7
Added Pin To Net: NetName=D8 Pin=Arduino1-D8
Added Pin To Net: NetName=D8 Pin=C13-2
Added Net: Name=D8
Added Pin To Net: NetName=D9 Pin=Arduino1-D9
Added Pin To Net: NetName=D9 Pin=C13-7
Added Net: Name=D9
Added Pin To Net: NetName=D10 Pin=Arduino1-D10
Added Net: Name=D10
Added Pin To Net: NetName=D11 Pin=Arduino1-D11
Added Pin To Net: NetName=D11 Pin=C13-3
Added Net: Name=D11
Added Pin To Net: NetName=D12 Pin=Arduino1-D12
Added Pin To Net: NetName=D12 Pin=C13-5
Added Net: Name=D12
Added Pin To Net: NetName=D13 Pin=Arduino1-D13
Added Pin To Net: NetName=D13 Pin=C13-6
Added Net: Name=D13
Added Pin To Net: NetName=GND Pin=Arduino1-GND
Added Pin To Net: NetName=GND Pin=Arduino1-GND
Added Pin To Net: NetName=GND Pin=C1-1
Added Pin To Net: NetName=GND Pin=C2-1
Added Pin To Net: NetName=GND Pin=C3-1
Added Pin To Net: NetName=GND Pin=C4-1
Added Pin To Net: NetName=GND Pin=C5-2
Added Pin To Net: NetName=GND Pin=C6-2
Added Pin To Net: NetName=GND Pin=C7-4
Added Pin To Net: NetName=GND Pin=C8-1
Added Pin To Net: NetName=GND Pin=C9-1
Added Pin To Net: NetName=GND Pin=C10-1
Added Pin To Net: NetName=GND Pin=C11-1
Added Pin To Net: NetName=GND Pin=C12-4
Added Pin To Net: NetName=GND Pin=C13-8
Added Pin To Net: NetName=GND Pin=P1-2
Added Pin To Net: NetName=GND Pin=P1-4
Added Pin To Net: NetName=GND Pin=U1-2
Added Pin To Net: NetName=GND Pin=U1-9
Added Pin To Net: NetName=GND Pin=U1-13
Added Net: Name=GND
Added Pin To Net: NetName=RX Pin=Arduino1-RX0
Added Pin To Net: NetName=RX Pin=U1-10
Added Net: Name=RX
Added Pin To Net: NetName=TX Pin=Arduino1-TX1
Added Pin To Net: NetName=TX Pin=U1-11
Added Net: Name=TX
Added Pin To Net: NetName=VIN Pin=Arduino1-VIN
Added Pin To Net: NetName=VIN Pin=C1-2
Added Pin To Net: NetName=VIN Pin=C2-2
Added Pin To Net: NetName=VIN Pin=C3-2
Added Pin To Net: NetName=VIN Pin=C4-2
Added Pin To Net: NetName=VIN Pin=C8-2
Added Pin To Net: NetName=VIN Pin=C9-2
Added Pin To Net: NetName=VIN Pin=C10-2
Added Pin To Net: NetName=VIN Pin=C11-2
Added Pin To Net: NetName=VIN Pin=P1-1
Added Pin To Net: NetName=VIN Pin=P1-3
Added Pin To Net: NetName=VIN Pin=U1-1
Added Net: Name=VIN
Added Class: Name=SPIDER_ROBOT_1
